libs/webserver/build/intermediates/manifest_merge_blame_file/debug/manifest-merger-blame-debug-report.txt
1<?xml version="1.0" encoding="utf-8"?>
2<manifest xmlns:android="http://schemas.android.com/apk/res/android"
3    package="hdisoft.app.webserver" >
4
5    <uses-sdk android:minSdkVersion="21" />
6
7    <uses-permission android:name="android.permission.FOREGROUND_SERVICE" />
7-->src/main/AndroidManifest.xml:5:5-77
7-->src/main/AndroidManifest.xml:5:22-74
8    <uses-permission android:name="android.permission.FOREGROUND_SERVICE_DATA_SYNC" />
8-->src/main/AndroidManifest.xml:6:5-87
8-->src/main/AndroidManifest.xml:6:22-84
9
10    <application>
10-->src/main/AndroidManifest.xml:8:5-19:19
11        <activity
11-->src/main/AndroidManifest.xml:9:9-12:72
12            android:name="hdisoft.app.webserver.WebserverSettingsActivity"
12-->src/main/AndroidManifest.xml:10:13-54
13            android:exported="false"
13-->src/main/AndroidManifest.xml:11:13-37
14            android:theme="@style/Theme.AppCompat.Light.NoActionBar" />
14-->src/main/AndroidManifest.xml:12:13-69
15
16        <service
16-->src/main/AndroidManifest.xml:14:9-18:56
17            android:name="hdisoft.app.webserver.HttpWebServerService"
17-->src/main/AndroidManifest.xml:15:13-49
18            android:enabled="true"
18-->src/main/AndroidManifest.xml:16:13-35
19            android:exported="false"
19-->src/main/AndroidManifest.xml:17:13-37
20            android:foregroundServiceType="dataSync" />
20-->src/main/AndroidManifest.xml:18:13-53
21    </application>
22
23</manifest>